<?xml version="1.0" encoding="UTF-8"?>
<!-- Generated by org.testng.reporters.JUnitReportReporter -->
<testsuite hostname="DESKTOP-UAPOR8K" failures="0" tests="2" name="runner.Runner" time="18.586" errors="0" timestamp="2024-01-02T11:50:06 IST" skipped="0">
  <testcase classname="runner.Runner" name="runScenario" time="11.543"/>
  <system-out/>
  <testcase classname="runner.Runner" name="runScenario" time="7.043"/>
  <system-out/>
</testsuite> <!-- runner.Runner -->
