<?xml version="1.0" encoding="UTF-8"?>
<!-- Generated by org.testng.reporters.JUnitReportReporter -->
<testsuite hostname="DESKTOP-UAPOR8K" failures="0" tests="1" name="runner.Runner" time="21.047" errors="0" timestamp="2024-01-04T13:19:06 IST" skipped="0">
  <testcase classname="runner.Runner" name="runScenario" time="21.047"/>
  <system-out/>
</testsuite> <!-- runner.Runner -->
