<?xml version="1.0" encoding="UTF-8"?>
<!-- Generated by org.testng.reporters.JUnitReportReporter -->
<testsuite hostname="DESKTOP-UAPOR8K" failures="0" tests="1" name="runner.adminRunner" time="10.139" errors="0" timestamp="2024-01-04T22:20:41 IST" skipped="0">
  <testcase classname="runner.adminRunner" name="runScenario" time="10.139"/>
  <system-out/>
</testsuite> <!-- runner.adminRunner -->
